<?xml version="1.0" encoding="UTF-8"?>
<!-- Generated by org.testng.reporters.JUnitReportReporter -->
<testsuite hostname="LAPTOP-Q2STVJ3V" failures="0" tests="1" name="testcase.Flipkart" time="17.253" errors="0" timestamp="2020-04-16T22:40:28 IST" skipped="0">
  <testcase classname="testcase.Flipkart" name="execute" time="17.253"/>
  <system-out/>
</testsuite> <!-- testcase.Flipkart -->
