<?xml version="1.0" encoding="UTF-8"?>
<!-- Generated by org.testng.reporters.JUnitReportReporter -->
<testsuite hostname="LAPTOP-Q2STVJ3V" failures="0" tests="1" name="testcase.Flipkart" time="10.769" errors="0" timestamp="2020-05-03T12:59:12 IST" skipped="0">
  <testcase classname="testcase.Flipkart" name="execute" time="10.769"/>
  <system-out/>
</testsuite> <!-- testcase.Flipkart -->
