<?xml version="1.0" encoding="UTF-8"?>
<!-- Generated by org.testng.reporters.JUnitReportReporter -->
<testsuite hostname="LAPTOP-Q2STVJ3V" failures="0" tests="1" name="testcase.Flipkart" time="16.789" errors="0" timestamp="16 Apr 2020 17:21:06 GMT" skipped="0">
  <testcase classname="testcase.Flipkart" name="execute" time="16.789"/>
</testsuite> <!-- testcase.Flipkart -->
